build/app/outputs/mapping/release/seeds.txt
com.parentseye.parent_app.MainActivity
com.parentseye.parent_app.MainActivity: MainActivity()
...
androidx.core.app.ComponentActivity: ComponentActivity()
androidx.core.app.NotificationCompat$CallStyle$Api31Impl: android.app.Notification$CallStyle forOngoingCall(android.app.Person,android.app.PendingIntent)
androidx.appcompat.widget.ActionBarOverlayLayout: void setActionBarHideOffset(int)
io.flutter.plugin.platform.PlatformViewWrapper: int getRenderTargetWidth()
io.flutter.plugins.googlemaps.Messages$PlatformMapType: io.flutter.plugins.googlemaps.Messages$PlatformMapType valueOf(java.lang.String)
com.google.android.datatransport.Priority: com.google.android.datatransport.Priority[] values()
androidx.media3.extractor.text.webvtt.WebvttCssStyle: WebvttCssStyle()
io.flutter.embedding.engine.FlutterJNI: void setRefreshRateFPS(float)
io.flutter.embedding.engine.FlutterJNI: void nativeInvokePlatformMessageResponseCallback(long,int,java.nio.ByteBuffer,int)
io.flutter.view.AccessibilityViewEmbedder: boolean onAccessibilityHoverEvent(int,android.view.MotionEvent)
io.flutter.embedding.engine.renderer.FlutterRenderer$ImageReaderSurfaceProducer: io.flutter.embedding.engine.renderer.FlutterRenderer$ImageReaderSurfaceProducer$PerImageReader getActiveReader()
androidx.appcompat.widget.AppCompatTextView: AppCompatTextView(android.content.Context,android.util.AttributeSet)
androidx.window.extensions.core.util.function.Consumer: void accept(java.lang.Object)
androidx.vectordrawable.graphics.drawable.VectorDrawableCompat$VPathRenderer: void setRootAlpha(int)
com.google.common.collect.ImmutableList$Builder: ImmutableList$Builder()
androidx.core.view.ViewParentCompat$Api21Impl: void onNestedPreScroll(android.view.ViewParent,android.view.View,int,int,int[])
com.google.android.gms.signin.internal.zaa: zaa()
androidx.datastore.preferences.PreferencesProto$PreferenceMap$Builder: PreferencesProto$PreferenceMap$Builder()
androidx.appcompat.widget.AppCompatImageButton: android.graphics.PorterDuff$Mode getSupportImageTintMode()
io.flutter.embedding.android.FlutterFragmentActivity: FlutterFragmentActivity()
id.flutter.flutter_background_service.BootReceiver: BootReceiver()
com.dexterous.flutterlocalnotifications.FlutterLocalNotificationsPlugin: void setLights(com.dexterous.flutterlocalnotifications.models.NotificationDetails,androidx.core.app.NotificationCompat$Builder)
com.dexterous.flutterlocalnotifications.FlutterLocalNotificationsPlugin: void setBigTextStyle(com.dexterous.flutterlocalnotifications.models.NotificationDetails,androidx.core.app.NotificationCompat$Builder)
androidx.core.location.LocationCompat$Api26Impl: void setVerticalAccuracyMeters(android.location.Location,float)
androidx.core.content.FileProvider$Api21Impl: java.io.File[] getExternalMediaDirs(android.content.Context)
androidx.core.view.ViewParentCompat$Api21Impl: void onStopNestedScroll(android.view.ViewParent,android.view.View)
com.google.android.gms.internal.measurement.zzgi: zzgi()
io.flutter.embedding.engine.FlutterJNI: void nativeDispatchPointerDataPacket(long,java.nio.ByteBuffer,int)
androidx.appcompat.graphics.drawable.AnimatedStateListDrawableCompat: AnimatedStateListDrawableCompat()
com.google.android.gms.measurement.AppMeasurement: java.lang.String getCurrentScreenClass()
androidx.media.AudioAttributesImplBaseParcelizer: void write(androidx.media.AudioAttributesImplBase,androidx.versionedparcelable.VersionedParcel)
androidx.biometric.AuthenticationCallbackProvider$Api28Impl$1: void onAuthenticationHelp(int,java.lang.CharSequence)
androidx.media3.exoplayer.video.spherical.SphericalGLSurfaceView: androidx.media3.exoplayer.video.spherical.CameraMotionListener getCameraMotionListener()
androidx.media3.exoplayer.audio.DefaultAudioSink$StreamEventCallbackV29: void unregister(android.media.AudioTrack)
io.flutter.plugins.googlemaps.Messages$PlatformEdgeInsets: Messages$PlatformEdgeInsets()
androidx.appcompat.widget.ActionMenuView: void setOverflowReserved(boolean)