build/app/outputs/mapping/release/usage.txt
com.parentseye.parent_app.BuildConfig
com.parentseye.parent_app.R$anim
com.parentseye.parent_app.R$animator
com.parentseye.parent_app.R$array
com.parentseye.parent_app.R$attr
com.parentseye.parent_app.R$bool
com.parentseye.parent_app.R$color
com.parentseye.parent_app.R$dimen
com.parentseye.parent_app.R$drawable
com.parentseye.parent_app.R$id
com.parentseye.parent_app.R$integer
com.parentseye.parent_app.R$interpolator
com.parentseye.parent_app.R$layout
com.parentseye.parent_app.R$mipmap
com.parentseye.parent_app.R$raw
com.parentseye.parent_app.R$string
com.parentseye.parent_app.R$style
com.parentseye.parent_app.R$styleable
com.parentseye.parent_app.R$xml
com.parentseye.parent_app.R
...
androidx.core.math.MathUtils:
    private void <init>()
    public static int addExact(int,int)
    public static long addExact(long,long)
    public static double clamp(double,double,double)
    public static float clamp(float,float,float)
    public static long clamp(long,long,long)
    public static int decrementExact(int)
    public static long decrementExact(long)
    public static int incrementExact(int)
    public static long incrementExact(long)
    public static int multiplyExact(int,int)
    public static long multiplyExact(long,long)
    public static int negateExact(int)
    public static long negateExact(long)
    public static int subtractExact(int,int)
    public static long subtractExact(long,long)
    public static int toIntExact(long)
androidx.core.net.ConnectivityManagerCompat$Api24Impl
androidx.core.net.ConnectivityManagerCompat$RestrictBackgroundStatus
androidx.core.net.ConnectivityManagerCompat:
    public static final int RESTRICT_BACKGROUND_STATUS_DISABLED
    public static final int RESTRICT_BACKGROUND_STATUS_ENABLED
    public static final int RESTRICT_BACKGROUND_STATUS_WHITELISTED
    private void <init>()
    public static android.net.NetworkInfo getNetworkInfoFromBroadcast(android.net.ConnectivityManager,android.content.Intent)
    public static int getRestrictBackgroundStatus(android.net.ConnectivityManager)
androidx.core.net.DatagramSocketWrapper$DatagramSocketImplWrapper
androidx.core.net.DatagramSocketWrapper
androidx.core.net.MailTo
androidx.core.net.ParseException
androidx.core.net.TrafficStatsCompat$Api24Impl
androidx.core.net.TrafficStatsCompat
androidx.core.net.UriCompat
androidx.core.net.UriKt
androidx.core.os.BuildCompat$Api30Impl
androidx.core.os.BuildCompat$PrereleaseSdkCheck
androidx.core.os.BuildCompat
androidx.core.os.BundleCompat$Api33Impl
androidx.core.os.BundleCompat
androidx.core.os.BundleKt:
    public static final android.os.Bundle bundleOf()
androidx.core.os.CancellationSignal:
    public boolean isCanceled()
    public void setOnCancelListener(androidx.core.os.CancellationSignal$OnCancelListener)
    public void throwIfCanceled()
    private void waitForCancelFinishedLocked()
androidx.core.os.ConfigurationCompat$Api24Impl:
    private void <init>()
androidx.core.os.ConfigurationCompat:
    private void <init>()
    public static void setLocales(android.content.res.Configuration,androidx.core.os.LocaleListCompat)
androidx.core.os.ContinuationOutcomeReceiver
androidx.core.os.EnvironmentCompat$Api21Impl
androidx.core.os.EnvironmentCompat
androidx.core.os.ExecutorCompat:
    private void <init>()
androidx.core.os.HandlerCompat$Api28Impl:
    private void <init>()
    public static android.os.Handler createAsync(android.os.Looper,android.os.Handler$Callback)
    public static boolean postDelayed(android.os.Handler,java.lang.Runnable,java.lang.Object,long)
androidx.core.os.HandlerCompat$Api29Impl
androidx.core.os.HandlerCompat:
    private static final java.lang.String TAG
    private void <init>()
    public static android.os.Handler createAsync(android.os.Looper,android.os.Handler$Callback)
    public static boolean hasCallbacks(android.os.Handler,java.lang.Runnable)
    public static boolean postDelayed(android.os.Handler,java.lang.Runnable,java.lang.Object,long)
androidx.core.os.HandlerKt$postAtTime$runnable$1
androidx.core.os.HandlerKt$postDelayed$runnable$1
androidx.core.os.HandlerKt
androidx.core.os.LocaleListCompat$Api21Impl
androidx.core.os.LocaleListCompat$Api24Impl:
    private void <init>()